theBall (b4n92uid)
Start in 18:58:57 - 07/14/10
Build in Jul 14 2010
Current dir : D:\projets\c++\theball\dist\Release\MinGW-Windows
Device::Device; Version (Jul 14 2010) Debug run
Load map : data/levels/desert.bld
Load map : data/levels/jumpme.bld
Load map : data/levels/starfield.bld
Load map : data/levels/travell.bld
Load player : data/players/color.obj
Load player : data/players/paper.obj
Load player : data/players/thecube.obj
Load texture file : data/gfxart/gui/button.png
Load texture file : data/gfxart/gui/gauge.png
Load texture file : data/gfxart/gui/edit.png
Load texture file : data/gfxart/gui/switch.png
Load texture file : data/gfxart/gui/vectorbox.png
Load font file : data/gfxart/gui/comicbd.ttf
Load texture file : data/gfxart/background/main.png
Load texture file : data/gfxart/gui/textboxh.png
Load shared texture : data/gfxart/gui/textboxh.png
Load obj mesh file : data/scene/logo.obj
Load mtl file : data/scene/logo.mtl
Load shader program
Load shader program
Load shader program
ExecuteEditor
Initing game manager
Load texture file : data/gfxart/skybox/starfield_ft.tga
Load texture file : data/gfxart/skybox/starfield_dn.tga
Load texture file : data/gfxart/skybox/starfield_up.tga
Load shared texture : data/gfxart/skybox/starfield_dn.tga
Load texture file : data/gfxart/skybox/starfield_lf.tga
Load texture file : data/gfxart/skybox/starfield_rt.tga
Load obj mesh file : data/scene/tiles-metal-4.obj
Load mtl file : data/scene/tiles-metal-4.mtl
Load texture file : data/scene/tiles-metal-4.jpg
Load obj mesh file : data/scene/tiles-metal-4.obj
Load mtl file : data/scene/tiles-metal-4.mtl
Load shared texture : data/scene/tiles-metal-4.jpg
Load obj mesh file : data/scene/tiles-metal-4.obj
Load mtl file : data/scene/tiles-metal-4.mtl
Load shared texture : data/scene/tiles-metal-4.jpg
Load obj mesh file : data/scene/tiles-metal-4.obj
Load mtl file : data/scene/tiles-metal-4.mtl
Load shared texture : data/scene/tiles-metal-4.jpg
Load obj mesh file : data/scene/tiles-metal-4.obj
Load mtl file : data/scene/tiles-metal-4.mtl
Load shared texture : data/scene/tiles-metal-4.jpg
Load obj mesh file : data/scene/tiles-metal-4.obj
Load mtl file : data/scene/tiles-metal-4.mtl
Load shared texture : data/scene/tiles-metal-4.jpg
Load obj mesh file : data/scene/tiles-metal-4.obj
Load mtl file : data/scene/tiles-metal-4.mtl
Load shared texture : data/scene/tiles-metal-4.jpg
Load obj mesh file : data/scene/tiles-metal-4.obj
Load mtl file : data/scene/tiles-metal-4.mtl
Load shared texture : data/scene/tiles-metal-4.jpg
Load obj mesh file : data/scene/tiles-metal-4.obj
Load mtl file : data/scene/tiles-metal-4.mtl
Load shared texture : data/scene/tiles-metal-4.jpg
Load obj mesh file : data/scene/tiles-metal-4.obj
Load mtl file : data/scene/tiles-metal-4.mtl
Load shared texture : data/scene/tiles-metal-4.jpg
Load obj mesh file : data/scene/tiles-metal-4.obj
Load mtl file : data/scene/tiles-metal-4.mtl
Load shared texture : data/scene/tiles-metal-4.jpg
Load obj mesh file : data/scene/tiles-metal-4.obj
Load mtl file : data/scene/tiles-metal-4.mtl
Load shared texture : data/scene/tiles-metal-4.jpg
Load obj mesh file : data/scene/tiles-metal-4.obj
Load mtl file : data/scene/tiles-metal-4.mtl
Load shared texture : data/scene/tiles-metal-4.jpg
Load obj mesh file : data/scene/tiles-metal-4.obj
Load mtl file : data/scene/tiles-metal-4.mtl
Load shared texture : data/scene/tiles-metal-4.jpg
Load obj mesh file : data/scene/tiles-metal-4.obj
Load mtl file : data/scene/tiles-metal-4.mtl
Load shared texture : data/scene/tiles-metal-4.jpg
Load obj mesh file : data/scene/tiles-metal-4.obj
Load mtl file : data/scene/tiles-metal-4.mtl
Load shared texture : data/scene/tiles-metal-4.jpg
Load obj mesh file : data/scene/tiles-metal-4.obj
Load mtl file : data/scene/tiles-metal-4.mtl
Load shared texture : data/scene/tiles-metal-4.jpg
Load obj mesh file : data/scene/tiles-metal-4.obj
Load mtl file : data/scene/tiles-metal-4.mtl
Load shared texture : data/scene/tiles-metal-4.jpg
Load obj mesh file : data/scene/tiles-metal-4.obj
Load mtl file : data/scene/tiles-metal-4.mtl
Load shared texture : data/scene/tiles-metal-4.jpg
Load obj mesh file : data/scene/tiles-metal-4.obj
Load mtl file : data/scene/tiles-metal-4.mtl
Load shared texture : data/scene/tiles-metal-4.jpg
Load obj mesh file : data/scene/tiles-metal-4.obj
Load mtl file : data/scene/tiles-metal-4.mtl
Load shared texture : data/scene/tiles-metal-4.jpg
Load obj mesh file : data/scene/tiles-metal-4.obj
Load mtl file : data/scene/tiles-metal-4.mtl
Load shared texture : data/scene/tiles-metal-4.jpg
Load obj mesh file : data/scene/tiles-metal-4.obj
Load mtl file : data/scene/tiles-metal-4.mtl
Load shared texture : data/scene/tiles-metal-4.jpg
Load obj mesh file : data/scene/tiles-metal-4.obj
Load mtl file : data/scene/tiles-metal-4.mtl
Load shared texture : data/scene/tiles-metal-4.jpg
Load obj mesh file : data/scene/tiles-metal-4.obj
Load mtl file : data/scene/tiles-metal-4.mtl
Load shared texture : data/scene/tiles-metal-4.jpg
Load obj mesh file : data/scene/jumper.obj
Load mtl file : data/scene/jumper.mtl
Load texture file : data/scene/jumper.jpg
Load texture file : data/gfxart/particles/jumper.bmp
Load obj mesh file : data/scene/jumper.obj
Load mtl file : data/scene/jumper.mtl
Load shared texture : data/scene/jumper.jpg
Load shared texture : data/gfxart/particles/jumper.bmp
Load obj mesh file : data/scene/jumper.obj
Load mtl file : data/scene/jumper.mtl
Load shared texture : data/scene/jumper.jpg
Load shared texture : data/gfxart/particles/jumper.bmp
Load obj mesh file : data/scene/jumper.obj
Load mtl file : data/scene/jumper.mtl
Load shared texture : data/scene/jumper.jpg
Load shared texture : data/gfxart/particles/jumper.bmp
Load obj mesh file : data/scene/teleporter.obj
Load mtl file : data/scene/teleporter.mtl
Load texture file : data/scene/teleporter.jpg
Load texture file : data/gfxart/particles/teleporter.bmp
Load obj mesh file : data/scene/jumper.obj
Load mtl file : data/scene/jumper.mtl
Load shared texture : data/scene/jumper.jpg
Load shared texture : data/gfxart/particles/jumper.bmp
Load obj mesh file : data/scene/jumper.obj
Load mtl file : data/scene/jumper.mtl
Load shared texture : data/scene/jumper.jpg
Load shared texture : data/gfxart/particles/jumper.bmp
Load obj mesh file : data/items/ammopack.obj
Load mtl file : data/items/ammopack.mtl
Load texture file : data/items/ammopack.jpg
Load obj mesh file : data/items/ammopack.obj
Load mtl file : data/items/ammopack.mtl
Load shared texture : data/items/ammopack.jpg
Load obj mesh file : data/items/ammopack.obj
Load mtl file : data/items/ammopack.mtl
Load shared texture : data/items/ammopack.jpg
Load obj mesh file : data/items/ammopack.obj
Load mtl file : data/items/ammopack.mtl
Load shared texture : data/items/ammopack.jpg
Load obj mesh file : data/items/ammopack.obj
Load mtl file : data/items/ammopack.mtl
Load shared texture : data/items/ammopack.jpg
Load obj mesh file : data/items/ammopack.obj
Load mtl file : data/items/ammopack.mtl
Load shared texture : data/items/ammopack.jpg
Load obj mesh file : data/items/ammopack.obj
Load mtl file : data/items/ammopack.mtl
Load shared texture : data/items/ammopack.jpg
Load obj mesh file : data/items/ammopack.obj
Load mtl file : data/items/ammopack.mtl
Load shared texture : data/items/ammopack.jpg
Load obj mesh file : data/items/medpack.obj
Load mtl file : data/items/medpack.mtl
Load texture file : data/items/medpack.jpg
Load obj mesh file : data/items/medpack.obj
Load mtl file : data/items/medpack.mtl
Load shared texture : data/items/medpack.jpg
Load obj mesh file : data/items/medpack.obj
Load mtl file : data/items/medpack.mtl
Load shared texture : data/items/medpack.jpg
Load obj mesh file : data/items/medpack.obj
Load mtl file : data/items/medpack.mtl
Load shared texture : data/items/medpack.jpg
Load obj mesh file : data/items/addshotgun.obj
Load mtl file : data/items/addshotgun.mtl
Load texture file : data/items/addshotgun.jpg
Load obj mesh file : data/items/addfinder.obj
Load mtl file : data/items/addfinder.mtl
Load texture file : data/items/addfinder.jpg
Load shader program
Load shader program
Load texture file : data/gfxart/gui/textboxv.png
Load texture file : data/gfxart/gui/listboxv.png
Load shared texture : data/gfxart/gui/textboxh.png
Load shared texture : data/gfxart/gui/listboxv.png
Load shared texture : data/gfxart/gui/textboxh.png
Load shared texture : data/gfxart/gui/textboxh.png
Load shared texture : data/gfxart/gui/listboxv.png
Load shared texture : data/gfxart/gui/textboxv.png
Load texture file : data/gfxart/background/pause.png
DTOR Free texture : data/gfxart/gui/textboxv.png
DTOR Free texture : data/gfxart/gui/listboxv.png
DTOR Free texture : data/gfxart/background/pause.png
Cleaning game manager
DTOR Free texture : data/gfxart/particles/teleporter.bmp
DTOR Free texture : data/scene/teleporter.jpg
DTOR Free texture : data/gfxart/particles/jumper.bmp
DTOR Free texture : data/scene/jumper.jpg
DTOR Free texture : data/items/addshotgun.jpg
DTOR Free texture : data/items/addfinder.jpg
DTOR Free texture : data/items/ammopack.jpg
DTOR Free texture : data/items/medpack.jpg
DTOR Free texture : data/scene/tiles-metal-4.jpg
DTOR Free texture : data/gfxart/skybox/starfield_rt.tga
DTOR Free texture : data/gfxart/skybox/starfield_lf.tga
DTOR Free texture : data/gfxart/skybox/starfield_up.tga
DTOR Free texture : data/gfxart/skybox/starfield_dn.tga
DTOR Free texture : data/gfxart/skybox/starfield_ft.tga
Load obj mesh file : data/scene/logo.obj
Load mtl file : data/scene/logo.mtl
Load shader program
Load shader program
Load shader program
ExecuteGame :
playLevel = data/levels/starfield.bld
playMod = 0
playTime = 300
playerModel = data/players/thecube.bpd
playerName = b4n92uid
Initing game manager
Loading level
Load texture file : data/gfxart/skybox/starfield_ft.tga
Load texture file : data/gfxart/skybox/starfield_dn.tga
Load texture file : data/gfxart/skybox/starfield_up.tga
Load shared texture : data/gfxart/skybox/starfield_dn.tga
Load texture file : data/gfxart/skybox/starfield_lf.tga
Load texture file : data/gfxart/skybox/starfield_rt.tga
Load obj mesh file : data/scene/tiles-metal-4.obj
Load mtl file : data/scene/tiles-metal-4.mtl
Load texture file : data/scene/tiles-metal-4.jpg
Load obj mesh file : data/scene/tiles-metal-4.obj
Load mtl file : data/scene/tiles-metal-4.mtl
Load shared texture : data/scene/tiles-metal-4.jpg
Load obj mesh file : data/scene/tiles-metal-4.obj
Load mtl file : data/scene/tiles-metal-4.mtl
Load shared texture : data/scene/tiles-metal-4.jpg
Load obj mesh file : data/scene/tiles-metal-4.obj
Load mtl file : data/scene/tiles-metal-4.mtl
Load shared texture : data/scene/tiles-metal-4.jpg
Load obj mesh file : data/scene/tiles-metal-4.obj
Load mtl file : data/scene/tiles-metal-4.mtl
Load shared texture : data/scene/tiles-metal-4.jpg
Load obj mesh file : data/scene/tiles-metal-4.obj
Load mtl file : data/scene/tiles-metal-4.mtl
Load shared texture : data/scene/tiles-metal-4.jpg
Load obj mesh file : data/scene/tiles-metal-4.obj
Load mtl file : data/scene/tiles-metal-4.mtl
Load shared texture : data/scene/tiles-metal-4.jpg
Load obj mesh file : data/scene/tiles-metal-4.obj
Load mtl file : data/scene/tiles-metal-4.mtl
Load shared texture : data/scene/tiles-metal-4.jpg
Load obj mesh file : data/scene/tiles-metal-4.obj
Load mtl file : data/scene/tiles-metal-4.mtl
Load shared texture : data/scene/tiles-metal-4.jpg
Load obj mesh file : data/scene/tiles-metal-4.obj
Load mtl file : data/scene/tiles-metal-4.mtl
Load shared texture : data/scene/tiles-metal-4.jpg
Load obj mesh file : data/scene/tiles-metal-4.obj
Load mtl file : data/scene/tiles-metal-4.mtl
Load shared texture : data/scene/tiles-metal-4.jpg
Load obj mesh file : data/scene/tiles-metal-4.obj
Load mtl file : data/scene/tiles-metal-4.mtl
Load shared texture : data/scene/tiles-metal-4.jpg
Load obj mesh file : data/scene/tiles-metal-4.obj
Load mtl file : data/scene/tiles-metal-4.mtl
Load shared texture : data/scene/tiles-metal-4.jpg
Load obj mesh file : data/scene/tiles-metal-4.obj
Load mtl file : data/scene/tiles-metal-4.mtl
Load shared texture : data/scene/tiles-metal-4.jpg
Load obj mesh file : data/scene/tiles-metal-4.obj
Load mtl file : data/scene/tiles-metal-4.mtl
Load shared texture : data/scene/tiles-metal-4.jpg
Load obj mesh file : data/scene/tiles-metal-4.obj
Load mtl file : data/scene/tiles-metal-4.mtl
Load shared texture : data/scene/tiles-metal-4.jpg
Load obj mesh file : data/scene/tiles-metal-4.obj
Load mtl file : data/scene/tiles-metal-4.mtl
Load shared texture : data/scene/tiles-metal-4.jpg
Load obj mesh file : data/scene/tiles-metal-4.obj
Load mtl file : data/scene/tiles-metal-4.mtl
Load shared texture : data/scene/tiles-metal-4.jpg
Load obj mesh file : data/scene/tiles-metal-4.obj
Load mtl file : data/scene/tiles-metal-4.mtl
Load shared texture : data/scene/tiles-metal-4.jpg
Load obj mesh file : data/scene/tiles-metal-4.obj
Load mtl file : data/scene/tiles-metal-4.mtl
Load shared texture : data/scene/tiles-metal-4.jpg
Load obj mesh file : data/scene/tiles-metal-4.obj
Load mtl file : data/scene/tiles-metal-4.mtl
Load shared texture : data/scene/tiles-metal-4.jpg
Load obj mesh file : data/scene/tiles-metal-4.obj
Load mtl file : data/scene/tiles-metal-4.mtl
Load shared texture : data/scene/tiles-metal-4.jpg
Load obj mesh file : data/scene/tiles-metal-4.obj
Load mtl file : data/scene/tiles-metal-4.mtl
Load shared texture : data/scene/tiles-metal-4.jpg
Load obj mesh file : data/scene/tiles-metal-4.obj
Load mtl file : data/scene/tiles-metal-4.mtl
Load shared texture : data/scene/tiles-metal-4.jpg
Load obj mesh file : data/scene/tiles-metal-4.obj
Load mtl file : data/scene/tiles-metal-4.mtl
Load shared texture : data/scene/tiles-metal-4.jpg
Load obj mesh file : data/scene/jumper.obj
Load mtl file : data/scene/jumper.mtl
Load texture file : data/scene/jumper.jpg
Load texture file : data/gfxart/particles/jumper.bmp
Load obj mesh file : data/scene/jumper.obj
Load mtl file : data/scene/jumper.mtl
Load shared texture : data/scene/jumper.jpg
Load shared texture : data/gfxart/particles/jumper.bmp
Load obj mesh file : data/scene/jumper.obj
Load mtl file : data/scene/jumper.mtl
Load shared texture : data/scene/jumper.jpg
Load shared texture : data/gfxart/particles/jumper.bmp
Load obj mesh file : data/scene/jumper.obj
Load mtl file : data/scene/jumper.mtl
Load shared texture : data/scene/jumper.jpg
Load shared texture : data/gfxart/particles/jumper.bmp
Load obj mesh file : data/scene/teleporter.obj
Load mtl file : data/scene/teleporter.mtl
Load texture file : data/scene/teleporter.jpg
Load texture file : data/gfxart/particles/teleporter.bmp
Load obj mesh file : data/scene/jumper.obj
Load mtl file : data/scene/jumper.mtl
Load shared texture : data/scene/jumper.jpg
Load shared texture : data/gfxart/particles/jumper.bmp
Load obj mesh file : data/scene/jumper.obj
Load mtl file : data/scene/jumper.mtl
Load shared texture : data/scene/jumper.jpg
Load shared texture : data/gfxart/particles/jumper.bmp
Load obj mesh file : data/items/ammopack.obj
Load mtl file : data/items/ammopack.mtl
Load texture file : data/items/ammopack.jpg
Load obj mesh file : data/items/ammopack.obj
Load mtl file : data/items/ammopack.mtl
Load shared texture : data/items/ammopack.jpg
Load obj mesh file : data/items/ammopack.obj
Load mtl file : data/items/ammopack.mtl
Load shared texture : data/items/ammopack.jpg
Load obj mesh file : data/items/ammopack.obj
Load mtl file : data/items/ammopack.mtl
Load shared texture : data/items/ammopack.jpg
Load obj mesh file : data/items/ammopack.obj
Load mtl file : data/items/ammopack.mtl
Load shared texture : data/items/ammopack.jpg
Load obj mesh file : data/items/ammopack.obj
Load mtl file : data/items/ammopack.mtl
Load shared texture : data/items/ammopack.jpg
Load obj mesh file : data/items/ammopack.obj
Load mtl file : data/items/ammopack.mtl
Load shared texture : data/items/ammopack.jpg
Load obj mesh file : data/items/ammopack.obj
Load mtl file : data/items/ammopack.mtl
Load shared texture : data/items/ammopack.jpg
Load obj mesh file : data/items/medpack.obj
Load mtl file : data/items/medpack.mtl
Load texture file : data/items/medpack.jpg
Load obj mesh file : data/items/medpack.obj
Load mtl file : data/items/medpack.mtl
Load shared texture : data/items/medpack.jpg
Load obj mesh file : data/items/medpack.obj
Load mtl file : data/items/medpack.mtl
Load shared texture : data/items/medpack.jpg
Load obj mesh file : data/items/medpack.obj
Load mtl file : data/items/medpack.mtl
Load shared texture : data/items/medpack.jpg
Load obj mesh file : data/items/addshotgun.obj
Load mtl file : data/items/addshotgun.mtl
Load texture file : data/items/addshotgun.jpg
Load obj mesh file : data/items/addfinder.obj
Load mtl file : data/items/addfinder.mtl
Load texture file : data/items/addfinder.jpg
Load texture file : data/gfxart/particles/fire.bmp
Load obj mesh file : data/players/thecube.obj
Load mtl file : data/players/thecube.mtl
Load texture file : data/players/metal097.jpg
Load texture file : data/weapons/blaster.bmp
Load shared texture : data/gfxart/particles/fire.bmp
Load obj mesh file : data/players/color.obj
Load mtl file : data/players/color.mtl
Load texture file : data/players/color.jpg
Load shared texture : data/weapons/blaster.bmp
Load shared texture : data/gfxart/particles/fire.bmp
Load obj mesh file : data/players/color.obj
Load mtl file : data/players/color.mtl
Load shared texture : data/players/color.jpg
Load shared texture : data/weapons/blaster.bmp
Load shared texture : data/gfxart/particles/fire.bmp
Load obj mesh file : data/players/thecube.obj
Load mtl file : data/players/thecube.mtl
Load shared texture : data/players/metal097.jpg
Load shared texture : data/weapons/blaster.bmp
Load shared texture : data/gfxart/particles/fire.bmp
Load obj mesh file : data/players/paper.obj
Load mtl file : data/players/paper.mtl
Load texture file : data/players/paper.jpg
Load shared texture : data/weapons/blaster.bmp
Load shader program
Load shader program
Load shader program
Load shader program
Load shader program
Loading GUI
Load shared texture : data/gfxart/gui/textboxh.png
Load texture file : data/gfxart/background/pause.png
Load shared texture : data/gfxart/gui/textboxh.png
Load shared texture : data/gfxart/background/pause.png
Load texture file : data/gfxart/background/dammage.png
Load texture file : data/gfxart/background/bullettime.png
Load texture file : data/gfxart/background/hud.png
Load texture file : data/gfxart/gui/croshair.png
Load texture file : data/gfxart/gui/item.png
Load texture file : data/gfxart/gui/boost.png
Load font file : data/gfxart/gui/comicbd.ttf
Load shared texture : data/gfxart/gui/textboxh.png
Start game
Load texture file : data/weapons/shotgun.bmp
Load shared texture : data/weapons/blaster.bmp
Load shared texture : data/weapons/blaster.bmp
Load texture file : data/weapons/finder.bmp
Load shared texture : data/weapons/blaster.bmp
Load shared texture : data/weapons/blaster.bmp
Load shared texture : data/weapons/blaster.bmp
DTOR Free texture : data/weapons/shotgun.bmp
Load shared texture : data/weapons/blaster.bmp
Load shared texture : data/weapons/blaster.bmp
Load shared texture : data/weapons/blaster.bmp
Load shared texture : data/weapons/blaster.bmp
Load shared texture : data/weapons/blaster.bmp
Load texture file : data/weapons/shotgun.bmp
Load shared texture : data/weapons/blaster.bmp
Load shared texture : data/weapons/blaster.bmp
Load shared texture : data/weapons/blaster.bmp
Load shared texture : data/weapons/blaster.bmp
Load shared texture : data/weapons/blaster.bmp
Load shared texture : data/weapons/shotgun.bmp
DTOR Free texture : data/weapons/finder.bmp
DTOR Free texture : data/weapons/shotgun.bmp
Load shared texture : data/weapons/blaster.bmp
Load shared texture : data/weapons/blaster.bmp
Load shared texture : data/weapons/blaster.bmp
Load shared texture : data/weapons/blaster.bmp
Load texture file : data/weapons/finder.bmp
Load shared texture : data/weapons/blaster.bmp
Load texture file : data/weapons/shotgun.bmp
Load shared texture : data/weapons/blaster.bmp
Load shared texture : data/weapons/blaster.bmp
Load shared texture : data/weapons/blaster.bmp
Load shared texture : data/weapons/finder.bmp
Load shared texture : data/weapons/blaster.bmp
Load shared texture : data/weapons/blaster.bmp
Load shared texture : data/weapons/blaster.bmp
Load shared texture : data/weapons/blaster.bmp
Load shared texture : data/weapons/blaster.bmp
Load shared texture : data/weapons/blaster.bmp
Load shared texture : data/weapons/shotgun.bmp
Load shared texture : data/weapons/blaster.bmp
Load shared texture : data/weapons/blaster.bmp
Load shared texture : data/weapons/blaster.bmp
DTOR Free texture : data/weapons/finder.bmp
Load shared texture : data/weapons/blaster.bmp
DTOR Free texture : data/weapons/shotgun.bmp
Load shared texture : data/weapons/blaster.bmp
Load texture file : data/weapons/shotgun.bmp
Load shared texture : data/weapons/blaster.bmp
Load shared texture : data/weapons/blaster.bmp
Load shared texture : data/weapons/blaster.bmp
Load shared texture : data/weapons/blaster.bmp
Load texture file : data/weapons/finder.bmp
Load shared texture : data/weapons/blaster.bmp
DTOR Free texture : data/weapons/shotgun.bmp
Load shared texture : data/weapons/blaster.bmp
Load shared texture : data/weapons/blaster.bmp
Load shared texture : data/weapons/blaster.bmp
Load shared texture : data/weapons/finder.bmp
Load shared texture : data/weapons/blaster.bmp
Load shared texture : data/weapons/blaster.bmp
Load shared texture : data/weapons/blaster.bmp
DTOR Free texture : data/weapons/finder.bmp
Load shared texture : data/weapons/blaster.bmp
Load texture file : data/weapons/shotgun.bmp
Load shared texture : data/weapons/blaster.bmp
Load texture file : data/weapons/finder.bmp
Load shared texture : data/weapons/blaster.bmp
Load shared texture : data/weapons/blaster.bmp
Load shared texture : data/weapons/blaster.bmp
Load shared texture : data/weapons/blaster.bmp
Load shared texture : data/weapons/blaster.bmp
Load shared texture : data/weapons/blaster.bmp
Load shared texture : data/weapons/blaster.bmp
Load shared texture : data/weapons/blaster.bmp
Load shared texture : data/weapons/blaster.bmp
Load shared texture : data/weapons/blaster.bmp
Load shared texture : data/weapons/shotgun.bmp
Load shared texture : data/weapons/blaster.bmp
Load shared texture : data/weapons/blaster.bmp
DTOR Free texture : data/weapons/finder.bmp
Load shared texture : data/weapons/blaster.bmp
Load shared texture : data/weapons/blaster.bmp
End game
DTOR Free texture : data/gfxart/background/pause.png
DTOR Free texture : data/gfxart/gui/croshair.png
DTOR Free texture : data/gfxart/background/dammage.png
DTOR Free texture : data/gfxart/background/bullettime.png
DTOR Free texture : data/gfxart/background/hud.png
DTOR Free texture : data/gfxart/gui/boost.png
DTOR Free texture : data/gfxart/gui/item.png
Cleaning game manager
DTOR Free texture : data/weapons/shotgun.bmp
DTOR Free texture : data/players/color.jpg
DTOR Free texture : data/gfxart/particles/teleporter.bmp
DTOR Free texture : data/scene/teleporter.jpg
DTOR Free texture : data/gfxart/particles/jumper.bmp
DTOR Free texture : data/scene/jumper.jpg
DTOR Free texture : data/items/addshotgun.jpg
DTOR Free texture : data/items/addfinder.jpg
DTOR Free texture : data/items/ammopack.jpg
DTOR Free texture : data/items/medpack.jpg
DTOR Free texture : data/players/paper.jpg
DTOR Free texture : data/scene/tiles-metal-4.jpg
DTOR Free texture : data/gfxart/particles/fire.bmp
DTOR Free texture : data/weapons/blaster.bmp
DTOR Free texture : data/players/metal097.jpg
DTOR Free texture : data/gfxart/skybox/starfield_rt.tga
DTOR Free texture : data/gfxart/skybox/starfield_lf.tga
DTOR Free texture : data/gfxart/skybox/starfield_up.tga
DTOR Free texture : data/gfxart/skybox/starfield_dn.tga
DTOR Free texture : data/gfxart/skybox/starfield_ft.tga
Load obj mesh file : data/scene/logo.obj
Load mtl file : data/scene/logo.mtl
Load shader program
Load shader program
Load shader program
DTOR Free texture : data/gfxart/gui/textboxh.png
DTOR Free texture : data/gfxart/background/main.png
DTOR Free texture : data/gfxart/gui/vectorbox.png
DTOR Free texture : data/gfxart/gui/switch.png
DTOR Free texture : data/gfxart/gui/edit.png
DTOR Free texture : data/gfxart/gui/gauge.png
DTOR Free texture : data/gfxart/gui/button.png
Exit success :)
